Invalid base path
Sandbox ready (build: v? runtime: VERSION_2) --  Running on port: 9003, metadata on port: disabled, reading from path: 'C:\Data\Dev\GitProjects\boomerang\sandbox-tail\services' with 8 -> 200 worker(s)
Engine: 562048952 - Exception handling routing table request
com.sandbox.runtime.models.ServiceScriptException: Cannot find module: ./services/routes/api.js in <sandbox-internal> at line number 231 at column number 6
	at com.sandbox.runtime.js.services.Service.loadService(Service.java:204)
	at com.sandbox.runtime.js.services.Service.initialize(Service.java:101)
	at com.sandbox.runtime.js.services.Service.handleRoutingTableRequest(Service.java:150)
	at com.sandbox.runtime.HttpRequestHandler.getOrCreateRoutingTable(HttpRequestHandler.java:267)
	at com.sandbox.runtime.HttpRequestHandler.handle(HttpRequestHandler.java:172)
	at org.eclipse.jetty.server.handler.HandlerWrapper.handle(HandlerWrapper.java:97)
	at org.eclipse.jetty.server.Server.handle(Server.java:499)
	at org.eclipse.jetty.server.HttpChannel.handle(HttpChannel.java:311)
	at org.eclipse.jetty.server.HttpConnection.onFillable(HttpConnection.java:257)
	at org.eclipse.jetty.io.AbstractConnection$2.run(AbstractConnection.java:544)
	at org.eclipse.jetty.util.thread.QueuedThreadPool.runJob(QueuedThreadPool.java:635)
	at org.eclipse.jetty.util.thread.QueuedThreadPool$3.run(QueuedThreadPool.java:555)
	at java.lang.Thread.run(Unknown Source)
Error processing request
com.sandbox.runtime.models.ServiceScriptException: Cannot find module: ./services/routes/api.js in <sandbox-internal> at line number 231 at column number 6
	at com.sandbox.runtime.js.services.Service.loadService(Service.java:204)
	at com.sandbox.runtime.js.services.Service.initialize(Service.java:101)
	at com.sandbox.runtime.js.services.Service.handleRoutingTableRequest(Service.java:150)
	at com.sandbox.runtime.HttpRequestHandler.getOrCreateRoutingTable(HttpRequestHandler.java:267)
	at com.sandbox.runtime.HttpRequestHandler.handle(HttpRequestHandler.java:172)
	at org.eclipse.jetty.server.handler.HandlerWrapper.handle(HandlerWrapper.java:97)
	at org.eclipse.jetty.server.Server.handle(Server.java:499)
	at org.eclipse.jetty.server.HttpChannel.handle(HttpChannel.java:311)
	at org.eclipse.jetty.server.HttpConnection.onFillable(HttpConnection.java:257)
	at org.eclipse.jetty.io.AbstractConnection$2.run(AbstractConnection.java:544)
	at org.eclipse.jetty.util.thread.QueuedThreadPool.runJob(QueuedThreadPool.java:635)
	at org.eclipse.jetty.util.thread.QueuedThreadPool$3.run(QueuedThreadPool.java:555)
	at java.lang.Thread.run(Unknown Source)
Engine: 739059164 - Exception handling routing table request
com.sandbox.runtime.models.ServiceScriptException: Cannot find module: ./services/routes/api.js in <sandbox-internal> at line number 231 at column number 6
	at com.sandbox.runtime.js.services.Service.loadService(Service.java:204)
	at com.sandbox.runtime.js.services.Service.initialize(Service.java:101)
	at com.sandbox.runtime.js.services.Service.handleRoutingTableRequest(Service.java:150)
	at com.sandbox.runtime.HttpRequestHandler.getOrCreateRoutingTable(HttpRequestHandler.java:267)
	at com.sandbox.runtime.HttpRequestHandler.handle(HttpRequestHandler.java:172)
	at org.eclipse.jetty.server.handler.HandlerWrapper.handle(HandlerWrapper.java:97)
	at org.eclipse.jetty.server.Server.handle(Server.java:499)
	at org.eclipse.jetty.server.HttpChannel.handle(HttpChannel.java:311)
	at org.eclipse.jetty.server.HttpConnection.onFillable(HttpConnection.java:257)
	at org.eclipse.jetty.io.AbstractConnection$2.run(AbstractConnection.java:544)
	at org.eclipse.jetty.util.thread.QueuedThreadPool.runJob(QueuedThreadPool.java:635)
	at org.eclipse.jetty.util.thread.QueuedThreadPool$3.run(QueuedThreadPool.java:555)
	at java.lang.Thread.run(Unknown Source)
Error processing request
com.sandbox.runtime.models.ServiceScriptException: Cannot find module: ./services/routes/api.js in <sandbox-internal> at line number 231 at column number 6
	at com.sandbox.runtime.js.services.Service.loadService(Service.java:204)
	at com.sandbox.runtime.js.services.Service.initialize(Service.java:101)
	at com.sandbox.runtime.js.services.Service.handleRoutingTableRequest(Service.java:150)
	at com.sandbox.runtime.HttpRequestHandler.getOrCreateRoutingTable(HttpRequestHandler.java:267)
	at com.sandbox.runtime.HttpRequestHandler.handle(HttpRequestHandler.java:172)
	at org.eclipse.jetty.server.handler.HandlerWrapper.handle(HandlerWrapper.java:97)
	at org.eclipse.jetty.server.Server.handle(Server.java:499)
	at org.eclipse.jetty.server.HttpChannel.handle(HttpChannel.java:311)
	at org.eclipse.jetty.server.HttpConnection.onFillable(HttpConnection.java:257)
	at org.eclipse.jetty.io.AbstractConnection$2.run(AbstractConnection.java:544)
	at org.eclipse.jetty.util.thread.QueuedThreadPool.runJob(QueuedThreadPool.java:635)
	at org.eclipse.jetty.util.thread.QueuedThreadPool$3.run(QueuedThreadPool.java:555)
	at java.lang.Thread.run(Unknown Source)
Clearing routing table on JS file change
Clearing routing table on JS file change
Engine: 424952673 - Exception handling routing table request
com.sandbox.runtime.models.ServiceScriptException: Cannot find module: ./services/routes/edossier_webservice.js in <sandbox-internal> at line number 231 at column number 6
	at com.sandbox.runtime.js.services.Service.loadService(Service.java:204)
	at com.sandbox.runtime.js.services.Service.initialize(Service.java:101)
	at com.sandbox.runtime.js.services.Service.handleRoutingTableRequest(Service.java:150)
	at com.sandbox.runtime.HttpRequestHandler.getOrCreateRoutingTable(HttpRequestHandler.java:267)
	at com.sandbox.runtime.HttpRequestHandler.handle(HttpRequestHandler.java:172)
	at org.eclipse.jetty.server.handler.HandlerWrapper.handle(HandlerWrapper.java:97)
	at org.eclipse.jetty.server.Server.handle(Server.java:499)
	at org.eclipse.jetty.server.HttpChannel.handle(HttpChannel.java:311)
	at org.eclipse.jetty.server.HttpConnection.onFillable(HttpConnection.java:257)
	at org.eclipse.jetty.io.AbstractConnection$2.run(AbstractConnection.java:544)
	at org.eclipse.jetty.util.thread.QueuedThreadPool.runJob(QueuedThreadPool.java:635)
	at org.eclipse.jetty.util.thread.QueuedThreadPool$3.run(QueuedThreadPool.java:555)
	at java.lang.Thread.run(Unknown Source)
Error processing request
com.sandbox.runtime.models.ServiceScriptException: Cannot find module: ./services/routes/edossier_webservice.js in <sandbox-internal> at line number 231 at column number 6
	at com.sandbox.runtime.js.services.Service.loadService(Service.java:204)
	at com.sandbox.runtime.js.services.Service.initialize(Service.java:101)
	at com.sandbox.runtime.js.services.Service.handleRoutingTableRequest(Service.java:150)
	at com.sandbox.runtime.HttpRequestHandler.getOrCreateRoutingTable(HttpRequestHandler.java:267)
	at com.sandbox.runtime.HttpRequestHandler.handle(HttpRequestHandler.java:172)
	at org.eclipse.jetty.server.handler.HandlerWrapper.handle(HandlerWrapper.java:97)
	at org.eclipse.jetty.server.Server.handle(Server.java:499)
	at org.eclipse.jetty.server.HttpChannel.handle(HttpChannel.java:311)
	at org.eclipse.jetty.server.HttpConnection.onFillable(HttpConnection.java:257)
	at org.eclipse.jetty.io.AbstractConnection$2.run(AbstractConnection.java:544)
	at org.eclipse.jetty.util.thread.QueuedThreadPool.runJob(QueuedThreadPool.java:635)
	at org.eclipse.jetty.util.thread.QueuedThreadPool$3.run(QueuedThreadPool.java:555)
	at java.lang.Thread.run(Unknown Source)
Engine: 950780243 - Exception handling routing table request
com.sandbox.runtime.models.ServiceScriptException: Cannot find module: ./services/routes/edossier_webservice.js in <sandbox-internal> at line number 231 at column number 6
	at com.sandbox.runtime.js.services.Service.loadService(Service.java:204)
	at com.sandbox.runtime.js.services.Service.initialize(Service.java:101)
	at com.sandbox.runtime.js.services.Service.handleRoutingTableRequest(Service.java:150)
	at com.sandbox.runtime.HttpRequestHandler.getOrCreateRoutingTable(HttpRequestHandler.java:267)
	at com.sandbox.runtime.HttpRequestHandler.handle(HttpRequestHandler.java:172)
	at org.eclipse.jetty.server.handler.HandlerWrapper.handle(HandlerWrapper.java:97)
	at org.eclipse.jetty.server.Server.handle(Server.java:499)
	at org.eclipse.jetty.server.HttpChannel.handle(HttpChannel.java:311)
	at org.eclipse.jetty.server.HttpConnection.onFillable(HttpConnection.java:257)
	at org.eclipse.jetty.io.AbstractConnection$2.run(AbstractConnection.java:544)
	at org.eclipse.jetty.util.thread.QueuedThreadPool.runJob(QueuedThreadPool.java:635)
	at org.eclipse.jetty.util.thread.QueuedThreadPool$3.run(QueuedThreadPool.java:555)
	at java.lang.Thread.run(Unknown Source)
Error processing request
com.sandbox.runtime.models.ServiceScriptException: Cannot find module: ./services/routes/edossier_webservice.js in <sandbox-internal> at line number 231 at column number 6
	at com.sandbox.runtime.js.services.Service.loadService(Service.java:204)
	at com.sandbox.runtime.js.services.Service.initialize(Service.java:101)
	at com.sandbox.runtime.js.services.Service.handleRoutingTableRequest(Service.java:150)
	at com.sandbox.runtime.HttpRequestHandler.getOrCreateRoutingTable(HttpRequestHandler.java:267)
	at com.sandbox.runtime.HttpRequestHandler.handle(HttpRequestHandler.java:172)
	at org.eclipse.jetty.server.handler.HandlerWrapper.handle(HandlerWrapper.java:97)
	at org.eclipse.jetty.server.Server.handle(Server.java:499)
	at org.eclipse.jetty.server.HttpChannel.handle(HttpChannel.java:311)
	at org.eclipse.jetty.server.HttpConnection.onFillable(HttpConnection.java:257)
	at org.eclipse.jetty.io.AbstractConnection$2.run(AbstractConnection.java:544)
	at org.eclipse.jetty.util.thread.QueuedThreadPool.runJob(QueuedThreadPool.java:635)
	at org.eclipse.jetty.util.thread.QueuedThreadPool$3.run(QueuedThreadPool.java:555)
	at java.lang.Thread.run(Unknown Source)
Engine: 2119303134 - Exception handling routing table request
com.sandbox.runtime.models.ServiceScriptException: Cannot find module: ./services/routes/edossier_webservice.js in <sandbox-internal> at line number 231 at column number 6
	at com.sandbox.runtime.js.services.Service.loadService(Service.java:204)
	at com.sandbox.runtime.js.services.Service.initialize(Service.java:101)
	at com.sandbox.runtime.js.services.Service.handleRoutingTableRequest(Service.java:150)
	at com.sandbox.runtime.HttpRequestHandler.getOrCreateRoutingTable(HttpRequestHandler.java:267)
	at com.sandbox.runtime.HttpRequestHandler.handle(HttpRequestHandler.java:172)
	at org.eclipse.jetty.server.handler.HandlerWrapper.handle(HandlerWrapper.java:97)
	at org.eclipse.jetty.server.Server.handle(Server.java:499)
	at org.eclipse.jetty.server.HttpChannel.handle(HttpChannel.java:311)
	at org.eclipse.jetty.server.HttpConnection.onFillable(HttpConnection.java:257)
	at org.eclipse.jetty.io.AbstractConnection$2.run(AbstractConnection.java:544)
	at org.eclipse.jetty.util.thread.QueuedThreadPool.runJob(QueuedThreadPool.java:635)
	at org.eclipse.jetty.util.thread.QueuedThreadPool$3.run(QueuedThreadPool.java:555)
	at java.lang.Thread.run(Unknown Source)
Error processing request
com.sandbox.runtime.models.ServiceScriptException: Cannot find module: ./services/routes/edossier_webservice.js in <sandbox-internal> at line number 231 at column number 6
	at com.sandbox.runtime.js.services.Service.loadService(Service.java:204)
	at com.sandbox.runtime.js.services.Service.initialize(Service.java:101)
	at com.sandbox.runtime.js.services.Service.handleRoutingTableRequest(Service.java:150)
	at com.sandbox.runtime.HttpRequestHandler.getOrCreateRoutingTable(HttpRequestHandler.java:267)
	at com.sandbox.runtime.HttpRequestHandler.handle(HttpRequestHandler.java:172)
	at org.eclipse.jetty.server.handler.HandlerWrapper.handle(HandlerWrapper.java:97)
	at org.eclipse.jetty.server.Server.handle(Server.java:499)
	at org.eclipse.jetty.server.HttpChannel.handle(HttpChannel.java:311)
	at org.eclipse.jetty.server.HttpConnection.onFillable(HttpConnection.java:257)
	at org.eclipse.jetty.io.AbstractConnection$2.run(AbstractConnection.java:544)
	at org.eclipse.jetty.util.thread.QueuedThreadPool.runJob(QueuedThreadPool.java:635)
	at org.eclipse.jetty.util.thread.QueuedThreadPool$3.run(QueuedThreadPool.java:555)
	at java.lang.Thread.run(Unknown Source)
Engine: 1415067114 - Exception handling routing table request
com.sandbox.runtime.models.ServiceScriptException: Cannot find module: ./services/routes/edossier_webservice.js in <sandbox-internal> at line number 231 at column number 6
	at com.sandbox.runtime.js.services.Service.loadService(Service.java:204)
	at com.sandbox.runtime.js.services.Service.initialize(Service.java:101)
	at com.sandbox.runtime.js.services.Service.handleRoutingTableRequest(Service.java:150)
	at com.sandbox.runtime.HttpRequestHandler.getOrCreateRoutingTable(HttpRequestHandler.java:267)
	at com.sandbox.runtime.HttpRequestHandler.handle(HttpRequestHandler.java:172)
	at org.eclipse.jetty.server.handler.HandlerWrapper.handle(HandlerWrapper.java:97)
	at org.eclipse.jetty.server.Server.handle(Server.java:499)
	at org.eclipse.jetty.server.HttpChannel.handle(HttpChannel.java:311)
	at org.eclipse.jetty.server.HttpConnection.onFillable(HttpConnection.java:257)
	at org.eclipse.jetty.io.AbstractConnection$2.run(AbstractConnection.java:544)
	at org.eclipse.jetty.util.thread.QueuedThreadPool.runJob(QueuedThreadPool.java:635)
	at org.eclipse.jetty.util.thread.QueuedThreadPool$3.run(QueuedThreadPool.java:555)
	at java.lang.Thread.run(Unknown Source)
Error processing request
com.sandbox.runtime.models.ServiceScriptException: Cannot find module: ./services/routes/edossier_webservice.js in <sandbox-internal> at line number 231 at column number 6
	at com.sandbox.runtime.js.services.Service.loadService(Service.java:204)
	at com.sandbox.runtime.js.services.Service.initialize(Service.java:101)
	at com.sandbox.runtime.js.services.Service.handleRoutingTableRequest(Service.java:150)
	at com.sandbox.runtime.HttpRequestHandler.getOrCreateRoutingTable(HttpRequestHandler.java:267)
	at com.sandbox.runtime.HttpRequestHandler.handle(HttpRequestHandler.java:172)
	at org.eclipse.jetty.server.handler.HandlerWrapper.handle(HandlerWrapper.java:97)
	at org.eclipse.jetty.server.Server.handle(Server.java:499)
	at org.eclipse.jetty.server.HttpChannel.handle(HttpChannel.java:311)
	at org.eclipse.jetty.server.HttpConnection.onFillable(HttpConnection.java:257)
	at org.eclipse.jetty.io.AbstractConnection$2.run(AbstractConnection.java:544)
	at org.eclipse.jetty.util.thread.QueuedThreadPool.runJob(QueuedThreadPool.java:635)
	at org.eclipse.jetty.util.thread.QueuedThreadPool$3.run(QueuedThreadPool.java:555)
	at java.lang.Thread.run(Unknown Source)
Engine: 41505827 - Exception handling routing table request
com.sandbox.runtime.models.ServiceScriptException: Cannot find module: ./services/routes/edossier_webservice.js in <sandbox-internal> at line number 231 at column number 6
	at com.sandbox.runtime.js.services.Service.loadService(Service.java:204)
	at com.sandbox.runtime.js.services.Service.initialize(Service.java:101)
	at com.sandbox.runtime.js.services.Service.handleRoutingTableRequest(Service.java:150)
	at com.sandbox.runtime.HttpRequestHandler.getOrCreateRoutingTable(HttpRequestHandler.java:267)
	at com.sandbox.runtime.HttpRequestHandler.handle(HttpRequestHandler.java:172)
	at org.eclipse.jetty.server.handler.HandlerWrapper.handle(HandlerWrapper.java:97)
	at org.eclipse.jetty.server.Server.handle(Server.java:499)
	at org.eclipse.jetty.server.HttpChannel.handle(HttpChannel.java:311)
	at org.eclipse.jetty.server.HttpConnection.onFillable(HttpConnection.java:257)
	at org.eclipse.jetty.io.AbstractConnection$2.run(AbstractConnection.java:544)
	at org.eclipse.jetty.util.thread.QueuedThreadPool.runJob(QueuedThreadPool.java:635)
	at org.eclipse.jetty.util.thread.QueuedThreadPool$3.run(QueuedThreadPool.java:555)
	at java.lang.Thread.run(Unknown Source)
Error processing request
com.sandbox.runtime.models.ServiceScriptException: Cannot find module: ./services/routes/edossier_webservice.js in <sandbox-internal> at line number 231 at column number 6
	at com.sandbox.runtime.js.services.Service.loadService(Service.java:204)
	at com.sandbox.runtime.js.services.Service.initialize(Service.java:101)
	at com.sandbox.runtime.js.services.Service.handleRoutingTableRequest(Service.java:150)
	at com.sandbox.runtime.HttpRequestHandler.getOrCreateRoutingTable(HttpRequestHandler.java:267)
	at com.sandbox.runtime.HttpRequestHandler.handle(HttpRequestHandler.java:172)
	at org.eclipse.jetty.server.handler.HandlerWrapper.handle(HandlerWrapper.java:97)
	at org.eclipse.jetty.server.Server.handle(Server.java:499)
	at org.eclipse.jetty.server.HttpChannel.handle(HttpChannel.java:311)
	at org.eclipse.jetty.server.HttpConnection.onFillable(HttpConnection.java:257)
	at org.eclipse.jetty.io.AbstractConnection$2.run(AbstractConnection.java:544)
	at org.eclipse.jetty.util.thread.QueuedThreadPool.runJob(QueuedThreadPool.java:635)
	at org.eclipse.jetty.util.thread.QueuedThreadPool$3.run(QueuedThreadPool.java:555)
	at java.lang.Thread.run(Unknown Source)
**domID886c0162-692d-4e31-9a5d-eb8c955951d5log Error processing request for GET /favicon.ico - Invalid route
Clearing routing table on JS file change
Clearing routing table on JS file change
**domID3f30a53e-e472-4710-9374-a7aeb80756b0log Error processing request for GET / - Invalid route
**domIDd1576ebd-f2af-4539-8e45-ada8f4cd560blog Error processing request for GET /favicon.ico - Invalid route

domIDca764618-132a-45fd-ba4b-3343dc96f7belog HTTP GET /api/v6/banks/123/clients 
domIDca764618-132a-45fd-ba4b-3343dc96f7belog Request Headers: {Accept=*/*, Accept-Encoding=gzip, deflate, br, Accept-Language=en,de;q=0.9,en-US;q=0.8,vi;q=0.7, Cache-Control=no-cache, Connection=keep-alive, Host=localhost:9003, Postman-Token=04ff606c-ea2e-809d-a22f-04e181039f50, User-Agent=Mozilla/5.0 (Windows NT 10.0; Win64; x64) AppleWebKit/537.36 (KHTML, like Gecko) Chrome/64.0.3282.186 Safari/537.36}
 domIDca764618-132a-45fd-ba4b-3343dc96f7belog Request Body: No body found

domIDca764618-132a-45fd-ba4b-3343dc96f7belogReceived Timestamp:1521121568659
domIDca764618-132a-45fd-ba4b-3343dc96f7belog Response Status: 200 (took 0ms)
domIDca764618-132a-45fd-ba4b-3343dc96f7belog Response Headers: {Access-Control-Allow-Origin=*, Access-Control-Allow-Methods=GET,POST,PUT,DELETE,PATCH,OPTIONS, Access-Control-Allow-Credentials=true, Access-Control-Allow-Headers=Content-Type, Content-Type=application/json}
 domIDca764618-132a-45fd-ba4b-3343dc96f7belog Response Body: '[   {     "number": "1234",     "externalNumber": "string",     "id": "123",     "clientStatus": 0,     "closureDate": "2017-09-14T08:45:42.252Z",     "firstName": "string",     "lastName": "string",     "clientHeaderRow2": "string",     "clientHeaderRow3": "string",     "postCode": 0,     "place": "string",     "canton": "string",     "dateOfBirth": "2017-09-14T08:45:42.252Z",     "clientIdentified": false   },   {     "number": "5678",     "externalNumber": "string",     "id": "456",     "clientStatus": 1,     "closureDate": "2017-09-14T08:45:42.252Z",     "firstName": "string1",     "lastName": "string1",     "clientHeaderRow2": "string",     "clientHeaderRow3": "string",     "postCode": 0,     "place": "string",     "canton": "string",     "dateOfBirth": "2017-09-14T08:45:42.252Z",     "clientIdentified": false   },   {     "number": "9012",     "externalNumber": "string",     "id": "789",     "clientStatus": 100,     "closureDate": "2017-09-14T08:45:42.252Z",     "firstName": "string2",     "lastName": "string2",     "clientHeaderRow2": "string",     "clientHeaderRow3": "string",     "postCode": 0,     "place": "string",     "canton": "string",     "dateOfBirth": "2017-09-14T08:45:42.252Z",     "clientIdentified": false   },   {     "number": "1278",     "externalNumber": "string",     "id": "012",     "clientStatus": 300,     "closureDate": "2017-09-14T08:45:42.252Z",     "firstName": "string3",     "lastName": "string3",     "clientHeaderRow2": "string",     "clientHeaderRow3": "string",     "postCode": 0,     "place": "string",     "canton": "string",     "dateOfBirth": "2017-09-14T08:45:42.252Z",     "clientIdentified": false   },   {     "number": "1234",     "externalNumber": "string",     "id": "123",     "clientStatus": 100,     "closureDate": "2017-09-14T08:45:42.252Z",     "firstName": "string",     "lastName": "string",     "clientHeaderRow2": "string",     "clientHeaderRow3": "string",     "postCode": 0,     "place": "string",     "canton": "string",     "dateOfBirth": "2017-09-14T08:45:42.252Z",     "clientIdentified": false   },   {     "number": "5678",     "externalNumber": "string",     "id": "456",     "clientStatus": 0,     "closureDate": "2017-09-14T08:45:42.252Z",     "firstName": "string1",     "lastName": "string1",     "clientHeaderRow2": "string",     "clientHeaderRow3": "string",     "postCode": 0,     "place": "string",     "canton": "string",     "dateOfBirth": "2017-09-14T08:45:42.252Z",     "clientIdentified": false   },   {     "number": "9012",     "externalNumber": "string",     "id": "789",     "clientStatus": 0,     "closureDate": "2017-09-14T08:45:42.252Z",     "firstName": "string2",     "lastName": "string2",     "clientHeaderRow2": "string",     "clientHeaderRow3": "string",     "postCode": 0,     "place": "string",     "canton": "string",     "dateOfBirth": "2017-09-14T08:45:42.252Z",     "clientIdentified": false   },   {     "number": "1278",     "externalNumber": "string",     "id": "012",     "clientStatus": 0,     "closureDate": "2017-09-14T08:45:42.252Z",     "firstName": "string3",     "lastName": "string3",     "clientHeaderRow2": "string",     "clientHeaderRow3": "string",     "postCode": 0,     "place": "string",     "canton": "string",     "dateOfBirth": "2017-09-14T08:45:42.252Z",     "clientIdentified": false   },   {     "number": "1234",     "externalNumber": "string",     "id": "123",     "clientStatus": 0,     "closureDate": "2017-09-14T08:45:42.252Z",     "firstName": "string",     "lastName": "string",     "clientHeaderRow2": "string",     "clientHeaderRow3": "string",     "postCode": 0,     "place": "string",     "canton": "string",     "dateOfBirth": "2017-09-14T08:45:42.252Z",     "clientIdentified": false   },   {     "number": "5678",     "externalNumber": "string",     "id": "456",     "clientStatus": 0,     "closureDate": "2017-09-14T08:45:42.252Z",     "firstName": "string1",     "lastName": "string1",     "clientHeaderRow2": "string",     "clientHeaderRow3": "string",     "postCode": 0,     "place": "string",     "canton": "string",     "dateOfBirth": "2017-09-14T08:45:42.252Z",     "clientIdentified": false   },   {     "number": "9012",     "externalNumber": "string",     "id": "789",     "clientStatus": 0,     "closureDate": "2017-09-14T08:45:42.252Z",     "firstName": "string2",     "lastName": "string2",     "clientHeaderRow2": "string",     "clientHeaderRow3": "string",     "postCode": 0,     "place": "string",     "canton": "string",     "dateOfBirth": "2017-09-14T08:45:42.252Z",     "clientIdentified": false   },   {     "number": "1278",     "externalNumber": "string",     "id": "012",     "clientStatus": 0,     "closureDate": "2017-09-14T08:45:42.252Z",     "firstName": "string3",     "lastName": "string3",     "clientHeaderRow2": "string",     "clientHeaderRow3": "string",     "postCode": 0,     "place": "string",     "canton": "string",     "dateOfBirth": "2017-09-14T08:45:42.252Z",     "clientIdentified": false   },   {     "number": "1234",     "externalNumber": "string",     "id": "123",     "clientStatus": 0,     "closureDate": "2017-09-14T08:45:42.252Z",     "firstName": "string",     "lastName": "string",     "clientHeaderRow2": "string",     "clientHeaderRow3": "string",     "postCode": 0,     "place": "string",     "canton": "string",     "dateOfBirth": "2017-09-14T08:45:42.252Z",     "clientIdentified": false   },   {     "number": "5678",     "externalNumber": "string",     "id": "456",     "clientStatus": 0,     "closureDate": "2017-09-14T08:45:42.252Z",     "firstName": "string1",     "lastName": "string1",     "clientHeaderRow2": "string",     "clientHeaderRow3": "string",     "postCode": 0,     "place": "string",     "canton": "string",     "dateOfBirth": "2017-09-14T08:45:42.252Z",     "clientIdentified": false   },   {     "number": "9012",     "externalNumber": "string",     "id": "789",     "clientStatus": 0,     "closureDate": "2017-09-14T08:45:42.252Z",     "firstName": "string2",     "lastName": "string2",     "clientHeaderRow2": "string",     "clientHeaderRow3": "string",     "postCode": 0,     "place": "string",     "canton": "string",     "dateOfBirth": "2017-09-14T08:45:42.252Z",     "clientIdentified": false   },   {     "number": "1278",     "externalNumber": "string",     "id": "012",     "clientStatus": 0,     "closureDate": "2017-09-14T08:45:42.252Z",     "firstName": "string3",     "lastName": "string3",     "clientHeaderRow2": "string",     "clientHeaderRow3": "string",     "postCode": 0,     "place": "string",     "canton": "string",     "dateOfBirth": "2017-09-14T08:45:42.252Z",     "clientIdentified": false   },   {     "number": "1234",     "externalNumber": "string",     "id": "123",     "clientStatus": 0,     "closureDate": "2017-09-14T08:45:42.252Z",     "firstName": "string",     "lastName": "string",     "clientHeaderRow2": "string",     "clientHeaderRow3": "string",     "postCode": 0,     "place": "string",     "canton": "string",     "dateOfBirth": "2017-09-14T08:45:42.252Z",     "clientIdentified": false   },   {     "number": "5678",     "externalNumber": "string",     "id": "456",     "clientStatus": 0,     "closureDate": "2017-09-14T08:45:42.252Z",     "firstName": "string1",     "lastName": "string1",     "clientHeaderRow2": "string",     "clientHeaderRow3": "string",     "postCode": 0,     "place": "string",     "canton": "string",     "dateOfBirth": "2017-09-14T08:45:42.252Z",     "clientIdentified": false   },   {     "number": "9012",     "externalNumber": "string",     "id": "789",     "clientStatus": 0,     "closureDate": "2017-09-14T08:45:42.252Z",     "firstName": "string2",     "lastName": "string2",     "clientHeaderRow2": "string",     "clientHeaderRow3": "string",     "postCode": 0,     "place": "string",     "canton": "string",     "dateOfBirth": "2017-09-14T08:45:42.252Z",     "clientIdentified": false   },   {     "number": "1278",     "externalNumber": "string",     "id": "012",     "clientStatus": 0,     "closureDate": "2017-09-14T08:45:42.252Z",     "firstName": "string3",     "lastName": "string3",     "clientHeaderRow2": "string",     "clientHeaderRow3": "string",     "postCode": 0,     "place": "string",     "canton": "string",     "dateOfBirth": "2017-09-14T08:45:42.252Z",     "clientIdentified": false   } ]'
Sandbox ready (build: v? runtime: VERSION_2) --  Running on port: 9003, metadata on port: disabled, reading from path: 'C:\Data\Dev\GitProjects\boomerang\sandbox-tail\services' with 8 -> 200 worker(s)
Sandbox ready (build: v? runtime: VERSION_2) --  Running on port: 9003, metadata on port: disabled, reading from path: 'C:\Data\Dev\GitProjects\boomerang\sandbox-tail\services' with 8 -> 200 worker(s)

domIDabf24eec-d00e-4967-b5af-62a2289a75c1log HTTP GET /api/v6/banks/123/clients 
domIDabf24eec-d00e-4967-b5af-62a2289a75c1log Request Headers: {Accept=*/*, Accept-Encoding=gzip, deflate, br, Accept-Language=en,de;q=0.9,en-US;q=0.8,vi;q=0.7, Cache-Control=no-cache, Connection=keep-alive, Host=localhost:9003, Postman-Token=2bf309be-a7f9-94b3-11ce-7583b61ef345, User-Agent=Mozilla/5.0 (Windows NT 10.0; Win64; x64) AppleWebKit/537.36 (KHTML, like Gecko) Chrome/64.0.3282.186 Safari/537.36}
 domIDabf24eec-d00e-4967-b5af-62a2289a75c1log Request Body: No body found

domIDabf24eec-d00e-4967-b5af-62a2289a75c1logReceived Timestamp:1521121961151
domIDabf24eec-d00e-4967-b5af-62a2289a75c1log Response Status: 200 (took 0ms)
domIDabf24eec-d00e-4967-b5af-62a2289a75c1log Response Headers: {Access-Control-Allow-Origin=*, Access-Control-Allow-Methods=GET,POST,PUT,DELETE,PATCH,OPTIONS, Access-Control-Allow-Credentials=true, Access-Control-Allow-Headers=Content-Type, Content-Type=application/json}
 domIDabf24eec-d00e-4967-b5af-62a2289a75c1log Response Body: '[   {     "number": "1234",     "externalNumber": "string",     "id": "123",     "clientStatus": 0,     "closureDate": "2017-09-14T08:45:42.252Z",     "firstName": "string",     "lastName": "string",     "clientHeaderRow2": "string",     "clientHeaderRow3": "string",     "postCode": 0,     "place": "string",     "canton": "string",     "dateOfBirth": "2017-09-14T08:45:42.252Z",     "clientIdentified": false   },   {     "number": "5678",     "externalNumber": "string",     "id": "456",     "clientStatus": 1,     "closureDate": "2017-09-14T08:45:42.252Z",     "firstName": "string1",     "lastName": "string1",     "clientHeaderRow2": "string",     "clientHeaderRow3": "string",     "postCode": 0,     "place": "string",     "canton": "string",     "dateOfBirth": "2017-09-14T08:45:42.252Z",     "clientIdentified": false   },   {     "number": "9012",     "externalNumber": "string",     "id": "789",     "clientStatus": 100,     "closureDate": "2017-09-14T08:45:42.252Z",     "firstName": "string2",     "lastName": "string2",     "clientHeaderRow2": "string",     "clientHeaderRow3": "string",     "postCode": 0,     "place": "string",     "canton": "string",     "dateOfBirth": "2017-09-14T08:45:42.252Z",     "clientIdentified": false   },   {     "number": "1278",     "externalNumber": "string",     "id": "012",     "clientStatus": 300,     "closureDate": "2017-09-14T08:45:42.252Z",     "firstName": "string3",     "lastName": "string3",     "clientHeaderRow2": "string",     "clientHeaderRow3": "string",     "postCode": 0,     "place": "string",     "canton": "string",     "dateOfBirth": "2017-09-14T08:45:42.252Z",     "clientIdentified": false   },   {     "number": "1234",     "externalNumber": "string",     "id": "123",     "clientStatus": 100,     "closureDate": "2017-09-14T08:45:42.252Z",     "firstName": "string",     "lastName": "string",     "clientHeaderRow2": "string",     "clientHeaderRow3": "string",     "postCode": 0,     "place": "string",     "canton": "string",     "dateOfBirth": "2017-09-14T08:45:42.252Z",     "clientIdentified": false   },   {     "number": "5678",     "externalNumber": "string",     "id": "456",     "clientStatus": 0,     "closureDate": "2017-09-14T08:45:42.252Z",     "firstName": "string1",     "lastName": "string1",     "clientHeaderRow2": "string",     "clientHeaderRow3": "string",     "postCode": 0,     "place": "string",     "canton": "string",     "dateOfBirth": "2017-09-14T08:45:42.252Z",     "clientIdentified": false   },   {     "number": "9012",     "externalNumber": "string",     "id": "789",     "clientStatus": 0,     "closureDate": "2017-09-14T08:45:42.252Z",     "firstName": "string2",     "lastName": "string2",     "clientHeaderRow2": "string",     "clientHeaderRow3": "string",     "postCode": 0,     "place": "string",     "canton": "string",     "dateOfBirth": "2017-09-14T08:45:42.252Z",     "clientIdentified": false   },   {     "number": "1278",     "externalNumber": "string",     "id": "012",     "clientStatus": 0,     "closureDate": "2017-09-14T08:45:42.252Z",     "firstName": "string3",     "lastName": "string3",     "clientHeaderRow2": "string",     "clientHeaderRow3": "string",     "postCode": 0,     "place": "string",     "canton": "string",     "dateOfBirth": "2017-09-14T08:45:42.252Z",     "clientIdentified": false   },   {     "number": "1234",     "externalNumber": "string",     "id": "123",     "clientStatus": 0,     "closureDate": "2017-09-14T08:45:42.252Z",     "firstName": "string",     "lastName": "string",     "clientHeaderRow2": "string",     "clientHeaderRow3": "string",     "postCode": 0,     "place": "string",     "canton": "string",     "dateOfBirth": "2017-09-14T08:45:42.252Z",     "clientIdentified": false   },   {     "number": "5678",     "externalNumber": "string",     "id": "456",     "clientStatus": 0,     "closureDate": "2017-09-14T08:45:42.252Z",     "firstName": "string1",     "lastName": "string1",     "clientHeaderRow2": "string",     "clientHeaderRow3": "string",     "postCode": 0,     "place": "string",     "canton": "string",     "dateOfBirth": "2017-09-14T08:45:42.252Z",     "clientIdentified": false   },   {     "number": "9012",     "externalNumber": "string",     "id": "789",     "clientStatus": 0,     "closureDate": "2017-09-14T08:45:42.252Z",     "firstName": "string2",     "lastName": "string2",     "clientHeaderRow2": "string",     "clientHeaderRow3": "string",     "postCode": 0,     "place": "string",     "canton": "string",     "dateOfBirth": "2017-09-14T08:45:42.252Z",     "clientIdentified": false   },   {     "number": "1278",     "externalNumber": "string",     "id": "012",     "clientStatus": 0,     "closureDate": "2017-09-14T08:45:42.252Z",     "firstName": "string3",     "lastName": "string3",     "clientHeaderRow2": "string",     "clientHeaderRow3": "string",     "postCode": 0,     "place": "string",     "canton": "string",     "dateOfBirth": "2017-09-14T08:45:42.252Z",     "clientIdentified": false   },   {     "number": "1234",     "externalNumber": "string",     "id": "123",     "clientStatus": 0,     "closureDate": "2017-09-14T08:45:42.252Z",     "firstName": "string",     "lastName": "string",     "clientHeaderRow2": "string",     "clientHeaderRow3": "string",     "postCode": 0,     "place": "string",     "canton": "string",     "dateOfBirth": "2017-09-14T08:45:42.252Z",     "clientIdentified": false   },   {     "number": "5678",     "externalNumber": "string",     "id": "456",     "clientStatus": 0,     "closureDate": "2017-09-14T08:45:42.252Z",     "firstName": "string1",     "lastName": "string1",     "clientHeaderRow2": "string",     "clientHeaderRow3": "string",     "postCode": 0,     "place": "string",     "canton": "string",     "dateOfBirth": "2017-09-14T08:45:42.252Z",     "clientIdentified": false   },   {     "number": "9012",     "externalNumber": "string",     "id": "789",     "clientStatus": 0,     "closureDate": "2017-09-14T08:45:42.252Z",     "firstName": "string2",     "lastName": "string2",     "clientHeaderRow2": "string",     "clientHeaderRow3": "string",     "postCode": 0,     "place": "string",     "canton": "string",     "dateOfBirth": "2017-09-14T08:45:42.252Z",     "clientIdentified": false   },   {     "number": "1278",     "externalNumber": "string",     "id": "012",     "clientStatus": 0,     "closureDate": "2017-09-14T08:45:42.252Z",     "firstName": "string3",     "lastName": "string3",     "clientHeaderRow2": "string",     "clientHeaderRow3": "string",     "postCode": 0,     "place": "string",     "canton": "string",     "dateOfBirth": "2017-09-14T08:45:42.252Z",     "clientIdentified": false   },   {     "number": "1234",     "externalNumber": "string",     "id": "123",     "clientStatus": 0,     "closureDate": "2017-09-14T08:45:42.252Z",     "firstName": "string",     "lastName": "string",     "clientHeaderRow2": "string",     "clientHeaderRow3": "string",     "postCode": 0,     "place": "string",     "canton": "string",     "dateOfBirth": "2017-09-14T08:45:42.252Z",     "clientIdentified": false   },   {     "number": "5678",     "externalNumber": "string",     "id": "456",     "clientStatus": 0,     "closureDate": "2017-09-14T08:45:42.252Z",     "firstName": "string1",     "lastName": "string1",     "clientHeaderRow2": "string",     "clientHeaderRow3": "string",     "postCode": 0,     "place": "string",     "canton": "string",     "dateOfBirth": "2017-09-14T08:45:42.252Z",     "clientIdentified": false   },   {     "number": "9012",     "externalNumber": "string",     "id": "789",     "clientStatus": 0,     "closureDate": "2017-09-14T08:45:42.252Z",     "firstName": "string2",     "lastName": "string2",     "clientHeaderRow2": "string",     "clientHeaderRow3": "string",     "postCode": 0,     "place": "string",     "canton": "string",     "dateOfBirth": "2017-09-14T08:45:42.252Z",     "clientIdentified": false   },   {     "number": "1278",     "externalNumber": "string",     "id": "012",     "clientStatus": 0,     "closureDate": "2017-09-14T08:45:42.252Z",     "firstName": "string3",     "lastName": "string3",     "clientHeaderRow2": "string",     "clientHeaderRow3": "string",     "postCode": 0,     "place": "string",     "canton": "string",     "dateOfBirth": "2017-09-14T08:45:42.252Z",     "clientIdentified": false   } ]'
Clearing routing table on JS file change
Clearing routing table on JS file change
Clearing routing table on JS file change
Clearing routing table on JS file change
Sandbox ready (build: v? runtime: VERSION_2) --  Running on port: 9003, metadata on port: disabled, reading from path: 'C:\Data\Dev\GitProjects\boomerang\sandbox-tail' with 8 -> 200 worker(s)
Clearing routing table on JS file change
Clearing routing table on JS file change
Clearing routing table on JS file change
Clearing routing table on JS file change
Clearing routing table on JS file change
Clearing routing table on JS file change
Clearing routing table on JS file change
Clearing routing table on JS file change
Clearing routing table on JS file change
Clearing routing table on JS file change
Sandbox ready (build: v? runtime: VERSION_2) --  Running on port: 9003, metadata on port: disabled, reading from path: 'C:\Data\Dev\GitProjects\boomerang\sandbox-tail' with 8 -> 200 worker(s)
Clearing routing table on JS file change
Clearing routing table on JS file change
Clearing routing table on JS file change
Clearing routing table on JS file change
Sandbox ready (build: v? runtime: VERSION_2) --  Running on port: 9003, metadata on port: disabled, reading from path: 'C:\Data\Dev\GitProjects\boomerang\sandbox-tail' with 8 -> 200 worker(s)
Clearing routing table on JS file change
Clearing routing table on JS file change
Clearing routing table on JS file change
Clearing routing table on JS file change
Clearing routing table on JS file change
Clearing routing table on JS file change
Clearing routing table on JS file change
Clearing routing table on JS file change
Clearing routing table on JS file change
Clearing routing table on JS file change
Clearing routing table on JS file change
Clearing routing table on JS file change
Clearing routing table on JS file change
Clearing routing table on JS file change
Clearing routing table on JS file change
Clearing routing table on JS file change
Clearing routing table on JS file change
Clearing routing table on JS file change
Clearing routing table on JS file change
Clearing routing table on JS file change
Clearing routing table on JS file change
Clearing routing table on JS file change
Clearing routing table on JS file change
Clearing routing table on JS file change
Clearing routing table on JS file change
Clearing routing table on JS file change
Clearing routing table on JS file change
Clearing routing table on JS file change
Clearing routing table on JS file change
Clearing routing table on JS file change
Clearing routing table on JS file change
Clearing routing table on JS file change
Clearing routing table on JS file change
Clearing routing table on JS file change
Clearing routing table on JS file change
Clearing routing table on JS file change
Clearing routing table on JS file change
Clearing routing table on JS file change
Clearing routing table on JS file change
Clearing routing table on JS file change
Clearing routing table on JS file change
Clearing routing table on JS file change
Clearing routing table on JS file change
Clearing routing table on JS file change
Clearing routing table on JS file change
Clearing routing table on JS file change
Clearing routing table on JS file change
Clearing routing table on JS file change
Clearing routing table on JS file change
Clearing routing table on JS file change
Clearing routing table on JS file change
Clearing routing table on JS file change
Clearing routing table on JS file change
Clearing routing table on JS file change
Clearing routing table on JS file change
Clearing routing table on JS file change
Clearing routing table on JS file change
Sandbox ready (build: v? runtime: VERSION_2) --  Running on port: 9003, metadata on port: disabled, reading from path: 'C:\Data\Dev\GitProjects\boomerang\sandbox-tail' with 8 -> 200 worker(s)
Sandbox ready (build: v? runtime: VERSION_2) --  Running on port: 9003, metadata on port: disabled, reading from path: 'C:\Data\Dev\GitProjects\boomerang\sandbox-tail' with 8 -> 200 worker(s)
Clearing routing table on JS file change
Clearing routing table on JS file change
Clearing routing table on JS file change
Clearing routing table on JS file change
Sandbox ready (build: v? runtime: VERSION_2) --  Running on port: 9003, metadata on port: disabled, reading from path: 'C:\Data\Dev\GitProjects\boomerang\sandbox-tail' with 8 -> 200 worker(s)
Sandbox ready (build: v? runtime: VERSION_2) --  Running on port: 9003, metadata on port: disabled, reading from path: 'C:\Data\Dev\GitProjects\boomerang\sandbox-tail' with 8 -> 200 worker(s)
Sandbox ready (build: v? runtime: VERSION_2) --  Running on port: 9003, metadata on port: disabled, reading from path: 'C:\Data\Dev\GitProjects\boomerang\sandbox-tail' with 8 -> 200 worker(s)
Clearing routing table on JS file change
Clearing routing table on JS file change
Clearing routing table on JS file change
Clearing routing table on JS file change
Sandbox ready (build: v? runtime: VERSION_2) --  Running on port: 9003, metadata on port: disabled, reading from path: 'C:\Data\Dev\GitProjects\boomerang\sandbox-tail' with 8 -> 200 worker(s)
Sandbox ready (build: v? runtime: VERSION_2) --  Running on port: 9003, metadata on port: disabled, reading from path: 'C:\Data\Dev\GitProjects\nhduong29\boomerang' with 8 -> 200 worker(s)
Clearing routing table on JS file change
Clearing routing table on JS file change
Clearing routing table on JS file change
Clearing routing table on JS file change
